proguard-project.txt
# To enable ProGuard in your project, edit project.properties
# to define the proguard.config property as described in that file.
#
# Add project specific ProGuard rules here.
# By default, the flags in this file are appended to flags specified
# in ${sdk.dir}/tools/proguard/proguard-android.txt
# You can edit the include path and order by changing the ProGuard
# include property in project.properties.
#
# For more details, see
#   http://developer.android.com/guide/developing/tools/proguard.html

# Add any project specific keep options here:

# If your project uses WebView with JS, uncomment the following
# and specify the fully qualified class name to the JavaScript interface
# class:
#-keepclassmembers class fqcn.of.javascript.interface.for.webview {
#   public *;
#}
-optimizationpasses 5
-dontusemixedcaseclassnames
-dontskipnonpubliclibraryclasses
-dontpreverify
-verbose
-optimizations !code/simplification/arithmetic,!field/*,!class/merging/*

-keep public class * extends android.app.Activity
-keep public class * extends android.app.Application
-keep public class * extends android.app.Service
-keep public class * extends android.content.BroadcastReceiver
-keep public class * extends android.content.ContentProvider
-keep public class com.android.vending.licensing.ILicensingService

-keepclasseswithmembernames class * {
    native <methods>;
}

-keepclasseswithmembers class * {
    public <init>(android.content.Context, android.util.AttributeSet);
}

-keepclasseswithmembers class * {
    public <init>(android.content.Context, android.util.AttributeSet, int);
}

-keepclassmembers class * extends android.app.Activity {
    public void *(android.view.View);
}

-keep class * implements android.os.Parcelable {
  public static final android.os.Parcelable$Creator *;
}


-keep class **.R$* {*;}
-keep class **.R{*;}
-dontwarn **.R$*

-libraryjars libs/android-support-v4.jar
-dontwarn android.support.v4.**  
-keep class android.support.v4.** { *; }
-keep interface android.support.v4.app.** { *; }
-keep public class * extends android.support.v4.**
-keep public class * extends android.app.Fragment

-keep class com.sina.**{*;}
-keep class m.framework.**{*;}
#umeng
-keepclassmembers class * {
   public <init>(org.json.JSONObject);
}
-keepclassmembers enum * {
    public static **[] values();
    public static ** valueOf(java.lang.String);
}
-keep public class com.umeng.fb.ui.ThreadView {}
-libraryjars libs/bmobPush_0.3_beta.jar
-libraryjars libs/bmobsdk_v3.2.3_0919.jar
-libraryjars libs/libammsdk.jar
-libraryjars libs/locSDK_4.2.jar
-libraryjars libs/mta-sdk-1.6.2.jar
-libraryjars libs/open_sdk_r4066.jar
-libraryjars libs/umeng-analytics-v5.2.4.jar
-libraryjars libs/weibosdkcore.jar
-libraryjars libs/zrclistview.jar

#baidu
-keep class com.baidu.** { *; } 
-keep class vi.com.gdi.bgl.android.**{*;} 
#tencent
-keep class com.tencent.open.TDialog$*
-keep class com.tencent.open.TDialog$* {*;}
-keep class com.tencent.open.PKDialog
-keep class com.tencent.open.PKDialog {*;}
-keep class com.tencent.open.PKDialog$*
-keep class com.tencent.open.PKDialog$* {*;}
#weixin
-keep class com.tencent.mm.sdk.openapi.WXMediaMessage {*;}
-keep class com.tencent.mm.sdk.openapi.** implements com.tencent.mm.sdk.openapi.WXMediaMessage$IMediaObject {*;} 
-keep class com.tencent.mm.**{*;} 
-keep class com.feytuo.laoxianghao.wxapi.**{ *;}
#bmob
-ignorewarnings
-keepattributes Signature
-keep class cn.bmob.v3.** {*;}
#保证继承自BmobObject、BmobUser类的JavaBean不被混淆
-keep class com.feytuo.laoxianghao.domain.City{*;}
-keep class com.feytuo.laoxianghao.domain.Comment{*;}
-keep class com.feytuo.laoxianghao.domain.FeedBack{*;}
-keep class com.feytuo.laoxianghao.domain.Invitation{*;}
-keep class com.feytuo.laoxianghao.domain.LXHUser{*;}
-keep class com.feytuo.laoxianghao.domain.Praise{*;}