proguard/seeds.txt
com.feytuo.laoxianghao.AboutUsActivity
com.feytuo.laoxianghao.AboutUsActivity: AboutUsActivity()
com.feytuo.laoxianghao.AboutUsActivity: void me_about_us_ret(android.view.View)
com.feytuo.laoxianghao.AboutUsActivity: void activity_about_us_feedback(android.view.View)
com.feytuo.laoxianghao.AboutUsActivity: void our_privacy_olicy(android.view.View)
com.feytuo.laoxianghao.AboutUsActivity: void cleanCache(android.view.View)
com.feytuo.laoxianghao.AboutUsActivity: void shareToFriends(android.view.View)
com.feytuo.laoxianghao.App
com.feytuo.laoxianghao.App: App()
com.feytuo.laoxianghao.App: void logout()
com.feytuo.laoxianghao.CommentActivity
com.feytuo.laoxianghao.CommentActivity: CommentActivity()
com.feytuo.laoxianghao.CommentActivity: void commentReturnRelative(android.view.View)
com.feytuo.laoxianghao.CommentActivity: void HideKeyboard(android.view.View)
com.feytuo.laoxianghao.CommentActivity$ClickListener: void onClick(android.view.View)
com.feytuo.laoxianghao.FeedbackActivity
com.feytuo.laoxianghao.FeedbackActivity: FeedbackActivity()
com.feytuo.laoxianghao.FeedbackActivity: void feedbackReturnRelative(android.view.View)
com.feytuo.laoxianghao.FeedbackActivity$listener: void onClick(android.view.View)
com.feytuo.laoxianghao.FindDetailsActivity
com.feytuo.laoxianghao.FindDetailsActivity: FindDetailsActivity()
com.feytuo.laoxianghao.FindDetailsActivity: void findDetailsReturnBtn(android.view.View)
com.feytuo.laoxianghao.FindDetailsActivity$1: void onClick(android.view.View)
com.feytuo.laoxianghao.MeAboutUsPrivacyPolicyActivity
com.feytuo.laoxianghao.MeAboutUsPrivacyPolicyActivity: MeAboutUsPrivacyPolicyActivity()
com.feytuo.laoxianghao.MeAboutUsPrivacyPolicyActivity: void me_about_us_privacy_policy_ret(android.view.View)
com.feytuo.laoxianghao.PersonInvitationActivity
com.feytuo.laoxianghao.PersonInvitationActivity: PersonInvitationActivity()
com.feytuo.laoxianghao.PersonInvitationActivity: void messagecollectReturnRelative(android.view.View)
com.feytuo.laoxianghao.PersonUpdateInfoActivity
com.feytuo.laoxianghao.PersonUpdateInfoActivity: PersonUpdateInfoActivity()
com.feytuo.laoxianghao.PersonUpdateInfoActivity: void updateInfoSuccess(android.view.View)
com.feytuo.laoxianghao.PersonUpdateInfoActivity: void personDetailsRetImg(android.view.View)
com.feytuo.laoxianghao.PublishActivity
com.feytuo.laoxianghao.PublishActivity: PublishActivity()
com.feytuo.laoxianghao.PublishActivity: void setPosition(android.view.View)
com.feytuo.laoxianghao.PublishActivity: void setPosition(java.lang.String)
com.feytuo.laoxianghao.PublishActivity: void publishReturnRelative(android.view.View)
com.feytuo.laoxianghao.PublishActivity$listener: void onClick(android.view.View)
com.feytuo.laoxianghao.R
com.feytuo.laoxianghao.R: R()
...
android.support.v4.widget.SlidingPaneLayout$SimplePanelSlideListener
android.support.v4.widget.SlidingPaneLayout$SimplePanelSlideListener: SlidingPaneLayout$SimplePanelSlideListener()
android.support.v4.widget.SlidingPaneLayout$SimplePanelSlideListener: void onPanelSlide(android.view.View,float)
android.support.v4.widget.SlidingPaneLayout$SimplePanelSlideListener: void onPanelOpened(android.view.View)
android.support.v4.widget.SlidingPaneLayout$SimplePanelSlideListener: void onPanelClosed(android.view.View)
android.support.v4.widget.SlidingPaneLayout$SlidingPanelLayoutImpl
android.support.v4.widget.SlidingPaneLayout$SlidingPanelLayoutImpl: void invalidateChildRegion(android.support.v4.widget.SlidingPaneLayout,android.view.View)
android.support.v4.widget.SlidingPaneLayout$SlidingPanelLayoutImplBase
android.support.v4.widget.SlidingPaneLayout$SlidingPanelLayoutImplBase: SlidingPaneLayout$SlidingPanelLayoutImplBase()
android.support.v4.widget.SlidingPaneLayout$SlidingPanelLayoutImplBase: void invalidateChildRegion(android.support.v4.widget.SlidingPaneLayout,android.view.View)
android.support.v4.widget.SlidingPaneLayout$SlidingPanelLayoutImplJB
android.support.v4.widget.SlidingPaneLayout$SlidingPanelLayoutImplJB: java.lang.reflect.Method mGetDisplayList
android.support.v4.widget.SlidingPaneLayout$SlidingPanelLayoutImplJB: java.lang.reflect.Field mRecreateDisplayList
android.support.v4.widget.SlidingPaneLayout$SlidingPanelLayoutImplJB: SlidingPaneLayout$SlidingPanelLayoutImplJB()
android.support.v4.widget.SlidingPaneLayout$SlidingPanelLayoutImplJB: void invalidateChildRegion(android.support.v4.widget.SlidingPaneLayout,android.view.View)
android.support.v4.widget.SlidingPaneLayout$SlidingPanelLayoutImplJBMR1
android.support.v4.widget.SlidingPaneLayout$SlidingPanelLayoutImplJBMR1: SlidingPaneLayout$SlidingPanelLayoutImplJBMR1()
android.support.v4.widget.SlidingPaneLayout$SlidingPanelLayoutImplJBMR1: void invalidateChildRegion(android.support.v4.widget.SlidingPaneLayout,android.view.View)
android.support.v4.widget.SwipeProgressBar
android.support.v4.widget.SwipeProgressBar: int COLOR1
android.support.v4.widget.SwipeProgressBar: int COLOR2
android.support.v4.widget.SwipeProgressBar: int COLOR3
android.support.v4.widget.SwipeProgressBar: int COLOR4
android.support.v4.widget.SwipeProgressBar: int ANIMATION_DURATION_MS
android.support.v4.widget.SwipeProgressBar: int FINISH_ANIMATION_DURATION_MS
android.support.v4.widget.SwipeProgressBar: android.view.animation.Interpolator INTERPOLATOR
android.support.v4.widget.SwipeProgressBar: android.graphics.Paint mPaint
android.support.v4.widget.SwipeProgressBar: android.graphics.RectF mClipRect
android.support.v4.widget.SwipeProgressBar: float mTriggerPercentage
android.support.v4.widget.SwipeProgressBar: long mStartTime
android.support.v4.widget.SwipeProgressBar: long mFinishTime
android.support.v4.widget.SwipeProgressBar: boolean mRunning
android.support.v4.widget.SwipeProgressBar: int mColor1
android.support.v4.widget.SwipeProgressBar: int mColor2
android.support.v4.widget.SwipeProgressBar: int mColor3
android.support.v4.widget.SwipeProgressBar: int mColor4
android.support.v4.widget.SwipeProgressBar: android.view.View mParent
android.support.v4.widget.SwipeProgressBar: android.graphics.Rect mBounds
android.support.v4.widget.SwipeProgressBar: SwipeProgressBar(android.view.View)
android.support.v4.widget.SwipeProgressBar: void setColorScheme(int,int,int,int)