proguard/mapping.txt
com.feytuo.laoxianghao.AboutUsActivity -> com.feytuo.laoxianghao.AboutUsActivity:
    com.feytuo.laoxianghao.view.OnloadDialog pd -> a
    void onCreate(android.os.Bundle) -> onCreate
    void me_about_us_ret(android.view.View) -> me_about_us_ret
    void activity_about_us_feedback(android.view.View) -> activity_about_us_feedback
    void our_privacy_olicy(android.view.View) -> our_privacy_olicy
    void cleanCache(android.view.View) -> cleanCache
    void shareToFriends(android.view.View) -> shareToFriends
    void onResume() -> onResume
    void onPause() -> onPause
    com.feytuo.laoxianghao.view.OnloadDialog access$0(com.feytuo.laoxianghao.AboutUsActivity) -> a
com.feytuo.laoxianghao.AboutUsActivity$1 -> com.feytuo.laoxianghao.a:
    com.feytuo.laoxianghao.AboutUsActivity this$0 -> a
    void run() -> run
com.feytuo.laoxianghao.App -> com.feytuo.laoxianghao.App:
    android.content.SharedPreferences pre -> a
    android.content.Context applicationContext -> b
    android.app.Activity mainActivity -> e
    com.feytuo.laoxianghao.App instance -> f
    java.lang.String PREF_USERNAME -> c
    java.lang.String userName -> g
    java.lang.String password -> h
    java.util.Map contactList -> i
    com.feytuo.chat.db.UserDao userDao -> j
    java.lang.String currentUserNick -> d
    void onCreate() -> onCreate
    boolean isLogin() -> a
    com.feytuo.laoxianghao.App getInstance() -> b
    java.util.Map getContactList() -> c
    void setContactList(java.util.Map) -> a
    java.lang.String getUserName() -> d
    java.lang.String getPassword() -> e
    void setUserName(java.lang.String) -> a
    void setPassword(java.lang.String) -> b
    void logout() -> logout
    void finishMainActivity() -> f
    java.lang.String getAppName(int) -> a
    void setMainActivity(android.app.Activity) -> a
com.feytuo.laoxianghao.App$1 -> com.feytuo.laoxianghao.b:
    com.feytuo.laoxianghao.App this$0 -> a
    android.content.Intent onNotificationClick(com.easemob.chat.EMMessage) -> onNotificationClick
com.feytuo.laoxianghao.App$2 -> com.feytuo.laoxianghao.c:
    com.feytuo.laoxianghao.App this$0 -> a
    java.lang.String onNewMessageNotify(com.easemob.chat.EMMessage) -> onNewMessageNotify
    java.lang.String onLatestMessageNotify(com.easemob.chat.EMMessage,int,int) -> onLatestMessageNotify
    java.lang.String onSetNotificationTitle(com.easemob.chat.EMMessage) -> onSetNotificationTitle
com.feytuo.laoxianghao.App$MyConnectionListener -> com.feytuo.laoxianghao.d:
    com.feytuo.laoxianghao.App this$0 -> a
    void onReConnecting() -> onReConnecting
    void onReConnected() -> onReConnected
    void onDisConnected(java.lang.String) -> onDisConnected
    void onConnecting(java.lang.String) -> onConnecting
    void onConnected() -> onConnected
...
android.support.v4.widget.ViewDragHelper$2 -> android.support.v4.widget.ViewDragHelper$2:
    android.support.v4.widget.ViewDragHelper this$0 -> this$0
    void run() -> run
android.support.v4.widget.ViewDragHelper$Callback -> android.support.v4.widget.ViewDragHelper$Callback:
    void onViewDragStateChanged(int) -> onViewDragStateChanged
    void onViewPositionChanged(android.view.View,int,int,int,int) -> onViewPositionChanged
    void onViewCaptured(android.view.View,int) -> onViewCaptured
    void onViewReleased(android.view.View,float,float) -> onViewReleased
    void onEdgeTouched(int,int) -> onEdgeTouched
    boolean onEdgeLock(int) -> onEdgeLock
    void onEdgeDragStarted(int,int) -> onEdgeDragStarted
    int getOrderedChildIndex(int) -> getOrderedChildIndex
    int getViewHorizontalDragRange(android.view.View) -> getViewHorizontalDragRange
    int getViewVerticalDragRange(android.view.View) -> getViewVerticalDragRange
    boolean tryCaptureView(android.view.View,int) -> tryCaptureView
    int clampViewPositionHorizontal(android.view.View,int,int) -> clampViewPositionHorizontal
    int clampViewPositionVertical(android.view.View,int,int) -> clampViewPositionVertical
android.support.v7.app.ActionBar -> android.support.v7.app.ActionBar:
    void setDisplayHomeAsUpEnabled(boolean) -> a
    int getDisplayOptions() -> a
    void hide() -> b
    void setHomeButtonEnabled(boolean) -> b
    android.content.Context getThemedContext() -> c
    void setHomeAsUpIndicator(android.graphics.drawable.Drawable) -> a
    void setHomeActionContentDescription(int) -> a
android.support.v7.app.ActionBar$Callback -> android.support.v7.app.a:
android.support.v7.app.ActionBar$LayoutParams -> android.support.v7.app.ActionBar$LayoutParams:
    int gravity -> a
android.support.v7.app.ActionBar$OnNavigationListener -> android.support.v7.app.b:
    boolean onNavigationItemSelected(int,long) -> a
android.support.v7.app.ActionBar$Tab -> android.support.v7.app.c:
    android.graphics.drawable.Drawable getIcon() -> a
    java.lang.CharSequence getText() -> b
    android.view.View getCustomView() -> c
    void select() -> d
    java.lang.CharSequence getContentDescription() -> e
android.support.v7.app.ActionBarActivity -> android.support.v7.app.ActionBarActivity:
    android.support.v7.app.ActionBarActivityDelegate mImpl -> a
    android.support.v7.app.ActionBar getSupportActionBar() -> a
    android.view.MenuInflater getMenuInflater() -> getMenuInflater
    void setContentView(int) -> setContentView
    void setContentView(android.view.View) -> setContentView
    void setContentView(android.view.View,android.view.ViewGroup$LayoutParams) -> setContentView
    void addContentView(android.view.View,android.view.ViewGroup$LayoutParams) -> addContentView
    void onCreate(android.os.Bundle) -> onCreate
    void onConfigurationChanged(android.content.res.Configuration) -> onConfigurationChanged
    void onStop() -> onStop
    void onPostResume() -> onPostResume
    android.view.View onCreatePanelView(int) -> onCreatePanelView
    boolean onMenuItemSelected(int,android.view.MenuItem) -> onMenuItemSelected
    void onTitleChanged(java.lang.CharSequence,int) -> onTitleChanged
    void supportInvalidateOptionsMenu() -> supportInvalidateOptionsMenu
    void onSupportActionModeStarted(android.support.v7.view.ActionMode) -> a
    void onSupportActionModeFinished(android.support.v7.view.ActionMode) -> b
    boolean onCreatePanelMenu(int,android.view.Menu) -> onCreatePanelMenu
    boolean onPreparePanel(int,android.view.View,android.view.Menu) -> onPreparePanel