proguard/usage.txt
com.feytuo.laoxianghao.App:
    private static final java.lang.String PREF_PWD
    188:188:public void setStrangerList(java.util.Map)
com.feytuo.laoxianghao.BuildConfig
com.feytuo.laoxianghao.Manifest
com.feytuo.laoxianghao.Manifest$permission
com.feytuo.laoxianghao.PublishActivity:
    private android.widget.ImageView headImage
    private static final int CHOOSE_CITY
    290:291:public void setHeadImg(int)
com.feytuo.laoxianghao.dao.InvitationDao:
    222:229:public int getCommentNumByInvid(java.lang.String)
com.feytuo.laoxianghao.dao.PraiseDao:
    25:27:public void deleteAllPraise(java.lang.String)
    59:66:public java.lang.String getPraiseId(java.lang.String,java.lang.String)
com.feytuo.laoxianghao.db.DBFileManager:
    public static final java.lang.String DB_NAME
    public static final int DB_ID
com.feytuo.laoxianghao.db.DatabaseHelper:
    private static final int DATABASE_VERSION
    47:47:public boolean deleteDatabase(android.content.Context)
com.feytuo.laoxianghao.global.Global
com.feytuo.laoxianghao.share_qq.Util:
    private static final java.lang.String TAG
    private static android.app.Dialog mProgressDialog
    private static android.widget.Toast mToast
    private static final int MAX_DECODE_PICTURE_SIZE
    28:28:public Util()
    40:52:public static java.lang.String bytesToHexString(byte[])
    61:72:public static byte[] hexStringToBytes(java.lang.String)
    80:80:private static byte charToByte(char)
    93:101:public static java.lang.String toHexString(java.lang.String)
    107:132:public static java.lang.String hexToString(java.lang.String)
    136:149:public static byte[] bmpToByteArray(android.graphics.Bitmap,boolean)
    153:170:public static byte[] getHtmlByteArray(java.lang.String)
    175:187:public static byte[] inputStreamToByte(java.io.InputStream)
    191:232:public static byte[] readFromFile(java.lang.String,int,int)
    239:261:public static int computeSampleSize(android.graphics.BitmapFactory$Options,int,int)
    268:302:private static int computeInitialSampleSize(android.graphics.BitmapFactory$Options,int,int)
    312:321:public static android.graphics.Bitmap readBitmap(java.lang.String)
    327:402:public static android.graphics.Bitmap extractThumbNail(java.lang.String,int,int,boolean)
    407:412:public static final void showResultDialog(android.content.Context,java.lang.String,java.lang.String)
com.feytuo.laoxianghao.share_qq.Util$1
com.feytuo.laoxianghao.share_sina.AbsOpenAPI:
    protected static final java.lang.String API_SERVER
    protected static final java.lang.String HTTPMETHOD_POST
    protected static final java.lang.String HTTPMETHOD_GET
    protected static final java.lang.String KEY_ACCESS_TOKEN
    89:98:protected java.lang.String requestSync(java.lang.String,com.sina.weibo.sdk.net.WeiboParameters,java.lang.String)
com.feytuo.laoxianghao.share_sina.AccessTokenKeeper:
    private static final java.lang.String PREFERENCES_NAME
    private static final java.lang.String KEY_UID
    private static final java.lang.String KEY_ACCESS_TOKEN
    private static final java.lang.String KEY_EXPIRES_IN
    31:31:public AccessTokenKeeper()
    83:91:public static void clear(android.content.Context)
com.feytuo.laoxianghao.share_sina.Constants
com.feytuo.laoxianghao.share_sina.Geo:
    52:64:public static com.feytuo.laoxianghao.share_sina.Geo parse(java.lang.String)
com.feytuo.laoxianghao.share_sina.Status:
    88:94:public static com.feytuo.laoxianghao.share_sina.Status parse(java.lang.String)
com.feytuo.laoxianghao.share_sina.StatusList:
    public com.feytuo.laoxianghao.share_sina.Status statuses
    public java.lang.Object[] advertises
...
com.tencent.map.b.f$b:
    public final java.util.List a()
com.tencent.map.b.f$c:
    public f$c(com.tencent.map.b.f)
com.tencent.map.b.g
com.tencent.map.b.h
com.tencent.map.b.i
com.tencent.map.b.j
com.tencent.map.b.k
com.tencent.map.b.l
com.tencent.map.b.m
com.tencent.map.b.m$a
com.tencent.map.b.m$b
com.tencent.map.b.m$c
com.tencent.map.b.n
com.tencent.map.b.n$a
com.tencent.map.b.n$b
com.tencent.map.b.n$c
com.tencent.map.b.o
com.tencent.map.b.p
com.tencent.map.b.q
com.tencent.map.b.r
com.tencent.map.b.s
com.tencent.map.b.t
com.tencent.map.b.u
com.tencent.map.b.v
com.tencent.open.GameAppOperation
com.tencent.open.LocationApi
com.tencent.open.LocationApi$1
com.tencent.open.LocationApi$2
com.tencent.open.LocationApi$3
com.tencent.open.LocationApi$a
com.tencent.open.LocationApi$b
com.tencent.open.SocialApi
com.tencent.open.SocialApiIml
com.tencent.open.SocialApiIml$1
com.tencent.open.SocialApiIml$a
com.tencent.open.SocialApiIml$b
com.tencent.open.SocialApiIml$c
com.tencent.open.SocialConstants
com.tencent.open.TDialog:
    private com.tencent.tauth.IUiListener h
    private boolean n
    private com.tencent.connect.auth.QQToken o
    205:212:public TDialog(android.content.Context,java.lang.String,java.lang.String,com.tencent.tauth.IUiListener,com.tencent.connect.auth.QQToken)
com.tencent.open.TaskGuide
com.tencent.open.TaskGuide$1
com.tencent.open.TaskGuide$2
com.tencent.open.TaskGuide$3
com.tencent.open.TaskGuide$4
com.tencent.open.TaskGuide$a
com.tencent.open.TaskGuide$a$1
com.tencent.open.TaskGuide$b
com.tencent.open.TaskGuide$c
com.tencent.open.TaskGuide$c$1
com.tencent.open.TaskGuide$d
com.tencent.open.TaskGuide$e
com.tencent.open.TaskGuide$f
com.tencent.open.TaskGuide$g
com.tencent.open.TaskGuide$h
com.tencent.open.TaskGuide$i
com.tencent.open.TaskGuide$j
com.tencent.open.TaskGuide$k
com.tencent.open.a.c:
    29:29:public c()
com.tencent.open.b
com.tencent.open.b$a
com.tencent.open.c
com.tencent.open.c$a
com.tencent.open.c.a:
    17:17:public a()
com.tencent.open.e
com.tencent.open.qzone.Albums
com.tencent.open.qzone.Albums$AlbumSecurity
com.tencent.open.t.Weibo
com.tencent.open.utils.ApkExternalInfoTool:
    public static final java.lang.String CHANNELID
    14:16:public ApkExternalInfoTool()
com.tencent.open.utils.AsynLoadImgBack:
    public static final int LOAD_IMAGE_COMPLETED
    public static final int LOAD_IMAGE_PATH_NULL
    public static final int LOAD_IMAGE_NO_SDCARD
    public static final int LOAD_IMAGE_IMAGE_FORMAT_ERROR
com.tencent.open.utils.DataConvert
com.tencent.open.utils.HttpUtils:
    875:1001:public static org.json.JSONObject upload(com.tencent.connect.auth.QQToken,android.content.Context,java.lang.String,android.os.Bundle)
com.tencent.open.utils.HttpUtils$HttpStatusException:
    public static final java.lang.String ERROR_INFO
com.tencent.open.utils.HttpUtils$NetworkUnavailableException:
    public static final java.lang.String ERROR_INFO